2020-12-27 10:38:46:779  [TID       7000][INFO    ] Default Logger initialized [dmvcframework]
2020-12-27 10:38:46:817  [TID       7000][INFO    ] Server started on port 9001 [dmvcframework]
2020-12-27 12:00:44:573  [TID       7032][INFO    ] Default Logger initialized [dmvcframework]
2020-12-27 12:00:44:590  [TID       7032][INFO    ] Server started on port 9001 [dmvcframework]
2020-12-28 08:31:34:937  [TID       1412][INFO    ] Default Logger initialized [dmvcframework]
2020-12-28 08:31:34:952  [TID       1412][INFO    ] Server started on port 9001 [dmvcframework]
2020-12-28 08:33:34:730  [TID      10956][INFO    ] ENTER: Config default values [dmvcframework]
2020-12-28 08:33:34:730  [TID      10956][INFO    ] EXIT: Config default values [dmvcframework]
2020-12-28 08:33:34:730  [TID      10956][INFO    ] >> Custom configuration method [dmvcframework]
2020-12-28 08:33:34:730  [TID      10956][INFO    ] << Custom configuration method [dmvcframework]
2020-12-28 08:33:34:731  [TID      10956][INFO    ] ENTER: LoadSystemControllers [dmvcframework]
2020-12-28 08:33:34:731  [TID      10956][INFO    ] EXIT: LoadSystemControllers [dmvcframework]
2020-12-28 08:45:31:682  [TID       4992][INFO    ] Default Logger initialized [dmvcframework]
2020-12-28 08:45:31:695  [TID       4992][INFO    ] Server started on port 9001 [dmvcframework]
2020-12-28 08:45:35:109  [TID       8684][INFO    ] ENTER: Config default values [dmvcframework]
2020-12-28 08:45:35:109  [TID       8684][INFO    ] EXIT: Config default values [dmvcframework]
2020-12-28 08:45:35:109  [TID       8684][INFO    ] >> Custom configuration method [dmvcframework]
2020-12-28 08:45:35:109  [TID       8684][INFO    ] << Custom configuration method [dmvcframework]
2020-12-28 08:45:35:109  [TID       8684][INFO    ] ENTER: LoadSystemControllers [dmvcframework]
2020-12-28 08:45:35:109  [TID       8684][INFO    ] EXIT: LoadSystemControllers [dmvcframework]
2020-12-28 10:24:40:664  [TID       8912][INFO    ] Default Logger initialized [dmvcframework]
2020-12-28 10:24:40:680  [TID       8912][INFO    ] Server started on port 9001 [dmvcframework]
2020-12-28 10:24:57:913  [TID       3252][INFO    ] ENTER: Config default values [dmvcframework]
2020-12-28 10:24:57:913  [TID       3252][INFO    ] EXIT: Config default values [dmvcframework]
2020-12-28 10:24:57:913  [TID       3252][INFO    ] >> Custom configuration method [dmvcframework]
2020-12-28 10:24:57:913  [TID       3252][INFO    ] << Custom configuration method [dmvcframework]
2020-12-28 10:24:57:913  [TID       3252][INFO    ] ENTER: LoadSystemControllers [dmvcframework]
2020-12-28 10:24:57:913  [TID       3252][INFO    ] EXIT: LoadSystemControllers [dmvcframework]
2020-12-28 10:24:58:514  [TID       3252][ERROR   ] [EMVCJWTException] Forbidden (Custom message: "") [dmvcframework]
2020-12-28 10:26:02:124  [TID       5140][INFO    ] Default Logger initialized [dmvcframework]
2020-12-28 10:26:02:140  [TID       5140][INFO    ] Server started on port 9001 [dmvcframework]
2020-12-28 10:26:04:879  [TID       3732][INFO    ] ENTER: Config default values [dmvcframework]
2020-12-28 10:26:04:879  [TID       3732][INFO    ] EXIT: Config default values [dmvcframework]
2020-12-28 10:26:04:879  [TID       3732][INFO    ] >> Custom configuration method [dmvcframework]
2020-12-28 10:26:04:879  [TID       3732][INFO    ] << Custom configuration method [dmvcframework]
2020-12-28 10:26:04:879  [TID       3732][INFO    ] ENTER: LoadSystemControllers [dmvcframework]
2020-12-28 10:26:04:879  [TID       3732][INFO    ] EXIT: LoadSystemControllers [dmvcframework]
2020-12-28 10:28:22:983  [TID       3144][INFO    ] Default Logger initialized [dmvcframework]
2020-12-28 10:28:23:000  [TID       3144][INFO    ] Server started on port 9001 [dmvcframework]
2020-12-28 10:28:26:805  [TID       6268][INFO    ] ENTER: Config default values [dmvcframework]
2020-12-28 10:28:26:806  [TID       6268][INFO    ] EXIT: Config default values [dmvcframework]
2020-12-28 10:28:26:806  [TID       6268][INFO    ] >> Custom configuration method [dmvcframework]
2020-12-28 10:28:26:806  [TID       6268][INFO    ] << Custom configuration method [dmvcframework]
2020-12-28 10:28:26:806  [TID       6268][INFO    ] ENTER: LoadSystemControllers [dmvcframework]
2020-12-28 10:28:26:806  [TID       6268][INFO    ] EXIT: LoadSystemControllers [dmvcframework]
2020-12-28 10:29:24:457  [TID       8232][INFO    ] Default Logger initialized [dmvcframework]
2020-12-28 10:29:24:475  [TID       8232][INFO    ] Server started on port 9001 [dmvcframework]
2020-12-28 10:29:29:748  [TID       1536][INFO    ] ENTER: Config default values [dmvcframework]
2020-12-28 10:29:29:748  [TID       1536][INFO    ] EXIT: Config default values [dmvcframework]
2020-12-28 10:29:29:749  [TID       1536][INFO    ] >> Custom configuration method [dmvcframework]
2020-12-28 10:29:29:749  [TID       1536][INFO    ] << Custom configuration method [dmvcframework]
2020-12-28 10:29:29:749  [TID       1536][INFO    ] ENTER: LoadSystemControllers [dmvcframework]
2020-12-28 10:29:29:749  [TID       1536][INFO    ] EXIT: LoadSystemControllers [dmvcframework]
2020-12-28 10:29:45:211  [TID       2560][INFO    ] Default Logger initialized [dmvcframework]
2020-12-28 10:29:45:211  [TID       2560][INFO    ] Server started on port 9001 [dmvcframework]
2020-12-28 10:29:48:499  [TID      10284][INFO    ] ENTER: Config default values [dmvcframework]
2020-12-28 10:29:48:499  [TID      10284][INFO    ] EXIT: Config default values [dmvcframework]
2020-12-28 10:29:48:499  [TID      10284][INFO    ] >> Custom configuration method [dmvcframework]
2020-12-28 10:29:48:499  [TID      10284][INFO    ] << Custom configuration method [dmvcframework]
2020-12-28 10:29:48:499  [TID      10284][INFO    ] ENTER: LoadSystemControllers [dmvcframework]
2020-12-28 10:29:48:499  [TID      10284][INFO    ] EXIT: LoadSystemControllers [dmvcframework]
2020-12-28 10:30:21:616  [TID       5412][INFO    ] Default Logger initialized [dmvcframework]
2020-12-28 10:30:21:629  [TID       5412][INFO    ] Server started on port 9001 [dmvcframework]
2020-12-28 10:30:24:733  [TID       8860][INFO    ] ENTER: Config default values [dmvcframework]
2020-12-28 10:30:24:734  [TID       8860][INFO    ] EXIT: Config default values [dmvcframework]
2020-12-28 10:30:24:734  [TID       8860][INFO    ] >> Custom configuration method [dmvcframework]
2020-12-28 10:30:24:734  [TID       8860][INFO    ] << Custom configuration method [dmvcframework]
2020-12-28 10:30:24:734  [TID       8860][INFO    ] ENTER: LoadSystemControllers [dmvcframework]
2020-12-28 10:30:24:735  [TID       8860][INFO    ] EXIT: LoadSystemControllers [dmvcframework]
2020-12-28 10:32:43:844  [TID       5676][INFO    ] Default Logger initialized [dmvcframework]
2020-12-28 10:32:43:860  [TID       5676][INFO    ] Server started on port 9001 [dmvcframework]
2020-12-28 10:32:48:931  [TID       2596][INFO    ] ENTER: Config default values [dmvcframework]
2020-12-28 10:32:48:931  [TID       2596][INFO    ] EXIT: Config default values [dmvcframework]
2020-12-28 10:32:48:931  [TID       2596][INFO    ] >> Custom configuration method [dmvcframework]
2020-12-28 10:32:48:931  [TID       2596][INFO    ] << Custom configuration method [dmvcframework]
2020-12-28 10:32:48:932  [TID       2596][INFO    ] ENTER: LoadSystemControllers [dmvcframework]
2020-12-28 10:32:48:932  [TID       2596][INFO    ] EXIT: LoadSystemControllers [dmvcframework]
2020-12-28 10:46:48:382  [TID       4664][INFO    ] Default Logger initialized [dmvcframework]
2020-12-28 10:46:48:382  [TID       4664][INFO    ] Server started on port 9001 [dmvcframework]
2020-12-28 10:49:13:251  [TID       2736][INFO    ] Default Logger initialized [dmvcframework]
2020-12-28 10:49:13:254  [TID       2736][INFO    ] Server started on port 9001 [dmvcframework]
2020-12-28 10:49:17:254  [TID       4152][INFO    ] ENTER: Config default values [dmvcframework]
2020-12-28 10:49:17:254  [TID       4152][INFO    ] EXIT: Config default values [dmvcframework]
2020-12-28 10:49:17:254  [TID       4152][INFO    ] >> Custom configuration method [dmvcframework]
2020-12-28 10:49:17:254  [TID       4152][INFO    ] << Custom configuration method [dmvcframework]
2020-12-28 10:49:17:254  [TID       4152][INFO    ] ENTER: LoadSystemControllers [dmvcframework]
2020-12-28 10:49:17:254  [TID       4152][INFO    ] EXIT: LoadSystemControllers [dmvcframework]
2020-12-28 10:50:15:008  [TID       7468][INFO    ] Default Logger initialized [dmvcframework]
2020-12-28 10:50:15:008  [TID       7468][INFO    ] Server started on port 9001 [dmvcframework]
2020-12-28 10:50:18:913  [TID       9692][INFO    ] ENTER: Config default values [dmvcframework]
2020-12-28 10:50:18:913  [TID       9692][INFO    ] EXIT: Config default values [dmvcframework]
2020-12-28 10:50:18:913  [TID       9692][INFO    ] >> Custom configuration method [dmvcframework]
2020-12-28 10:50:18:913  [TID       9692][INFO    ] << Custom configuration method [dmvcframework]
2020-12-28 10:50:18:913  [TID       9692][INFO    ] ENTER: LoadSystemControllers [dmvcframework]
2020-12-28 10:50:18:913  [TID       9692][INFO    ] EXIT: LoadSystemControllers [dmvcframework]
2020-12-28 10:57:30:497  [TID       9104][INFO    ] Default Logger initialized [dmvcframework]
2020-12-28 10:57:30:497  [TID       9104][INFO    ] Server started on port 9001 [dmvcframework]
2020-12-28 11:16:33:103  [TID       7988][INFO    ] Default Logger initialized [dmvcframework]
2020-12-28 11:16:33:103  [TID       7988][INFO    ] Server started on port 9001 [dmvcframework]
2020-12-28 11:16:36:402  [TID       6400][INFO    ] ENTER: Config default values [dmvcframework]
2020-12-28 11:16:36:402  [TID       6400][INFO    ] EXIT: Config default values [dmvcframework]
2020-12-28 11:16:36:402  [TID       6400][INFO    ] >> Custom configuration method [dmvcframework]
2020-12-28 11:16:36:402  [TID       6400][INFO    ] << Custom configuration method [dmvcframework]
2020-12-28 11:16:36:402  [TID       6400][INFO    ] ENTER: LoadSystemControllers [dmvcframework]
2020-12-28 11:16:36:402  [TID       6400][INFO    ] EXIT: LoadSystemControllers [dmvcframework]
2020-12-28 11:20:44:670  [TID       1580][INFO    ] Default Logger initialized [dmvcframework]
2020-12-28 11:20:44:688  [TID       1580][INFO    ] Server started on port 9001 [dmvcframework]
2020-12-28 11:23:59:566  [TID       2428][INFO    ] Default Logger initialized [dmvcframework]
2020-12-28 11:23:59:590  [TID       2428][INFO    ] Server started on port 9001 [dmvcframework]
2020-12-28 11:24:02:842  [TID       9104][INFO    ] ENTER: Config default values [dmvcframework]
2020-12-28 11:24:02:842  [TID       9104][INFO    ] EXIT: Config default values [dmvcframework]
2020-12-28 11:24:02:842  [TID       9104][INFO    ] >> Custom configuration method [dmvcframework]
2020-12-28 11:24:02:842  [TID       9104][INFO    ] << Custom configuration method [dmvcframework]
2020-12-28 11:24:02:843  [TID       9104][INFO    ] ENTER: LoadSystemControllers [dmvcframework]
2020-12-28 11:24:02:843  [TID       9104][INFO    ] EXIT: LoadSystemControllers [dmvcframework]
2020-12-28 11:24:46:555  [TID       8896][INFO    ] Default Logger initialized [dmvcframework]
2020-12-28 11:24:46:578  [TID       8896][INFO    ] Server started on port 9001 [dmvcframework]
2020-12-28 11:25:30:882  [TID       7496][INFO    ] ENTER: Config default values [dmvcframework]
2020-12-28 11:25:30:882  [TID       7496][INFO    ] EXIT: Config default values [dmvcframework]
2020-12-28 11:25:30:883  [TID       7496][INFO    ] >> Custom configuration method [dmvcframework]
2020-12-28 11:25:30:883  [TID       7496][INFO    ] << Custom configuration method [dmvcframework]
2020-12-28 11:25:30:883  [TID       7496][INFO    ] ENTER: LoadSystemControllers [dmvcframework]
2020-12-28 11:25:30:883  [TID       7496][INFO    ] EXIT: LoadSystemControllers [dmvcframework]
2020-12-28 11:25:39:053  [TID       7496][INFO    ] GET:/api/customers [0:0:0:0:0:0:0:1] -> Controller.Customer.TControllerCustomer.GetCustomers - 401 Authorization Forbidden [dmvcframework]
2020-12-28 11:37:26:066  [TID       9356][INFO    ] Default Logger initialized [dmvcframework]
2020-12-28 11:37:26:066  [TID       9356][INFO    ] Server started on port 9001 [dmvcframework]
2020-12-28 11:40:24:266  [TID       2888][INFO    ] ENTER: Config default values [dmvcframework]
2020-12-28 11:40:24:266  [TID       2888][INFO    ] EXIT: Config default values [dmvcframework]
2020-12-28 11:40:24:266  [TID       2888][INFO    ] >> Custom configuration method [dmvcframework]
2020-12-28 11:40:24:266  [TID       2888][INFO    ] << Custom configuration method [dmvcframework]
2020-12-28 11:40:24:266  [TID       2888][INFO    ] ENTER: LoadSystemControllers [dmvcframework]
2020-12-28 11:40:24:266  [TID       2888][INFO    ] EXIT: LoadSystemControllers [dmvcframework]
2020-12-28 11:40:24:327  [TID       2888][ERROR   ] [EMVCJWTException] Token expired (Custom message: "") [dmvcframework]
2020-12-28 11:41:26:481  [TID       7348][INFO    ] Default Logger initialized [dmvcframework]
2020-12-28 11:41:26:502  [TID       7348][INFO    ] Server started on port 9001 [dmvcframework]
2020-12-28 11:42:10:543  [TID       8896][INFO    ] ENTER: Config default values [dmvcframework]
2020-12-28 11:42:10:543  [TID       8896][INFO    ] EXIT: Config default values [dmvcframework]
2020-12-28 11:42:10:543  [TID       8896][INFO    ] >> Custom configuration method [dmvcframework]
2020-12-28 11:42:10:543  [TID       8896][INFO    ] << Custom configuration method [dmvcframework]
2020-12-28 11:42:10:543  [TID       8896][INFO    ] ENTER: LoadSystemControllers [dmvcframework]
2020-12-28 11:42:10:543  [TID       8896][INFO    ] EXIT: LoadSystemControllers [dmvcframework]
2020-12-28 11:42:43:245  [TID        808][INFO    ] GET:/api/customers [0:0:0:0:0:0:0:1] -> Controller.Customer.TControllerCustomer.GetCustomers - 200 OK [dmvcframework]
2020-12-28 11:43:09:923  [TID       4400][INFO    ] Default Logger initialized [dmvcframework]
2020-12-28 11:43:09:923  [TID       4400][INFO    ] Server started on port 9001 [dmvcframework]
2020-12-28 11:43:16:870  [TID       6876][INFO    ] ENTER: Config default values [dmvcframework]
2020-12-28 11:43:16:871  [TID       6876][INFO    ] EXIT: Config default values [dmvcframework]
2020-12-28 11:43:16:871  [TID       6876][INFO    ] >> Custom configuration method [dmvcframework]
2020-12-28 11:43:16:871  [TID       6876][INFO    ] << Custom configuration method [dmvcframework]
2020-12-28 11:43:16:871  [TID       6876][INFO    ] ENTER: LoadSystemControllers [dmvcframework]
2020-12-28 11:43:16:871  [TID       6876][INFO    ] EXIT: LoadSystemControllers [dmvcframework]
2020-12-28 11:43:16:875  [TID       6876][INFO    ] GET:/api/customers [0:0:0:0:0:0:0:1] -> Controller.Customer.TControllerCustomer.GetCustomers - 200 OK [dmvcframework]
2020-12-28 11:50:02:972  [TID      10768][INFO    ] Default Logger initialized [dmvcframework]
2020-12-28 11:50:02:985  [TID      10768][INFO    ] Server started on port 9001 [dmvcframework]
2020-12-28 11:50:06:628  [TID       8520][INFO    ] ENTER: Config default values [dmvcframework]
2020-12-28 11:50:06:628  [TID       8520][INFO    ] EXIT: Config default values [dmvcframework]
2020-12-28 11:50:06:628  [TID       8520][INFO    ] >> Custom configuration method [dmvcframework]
2020-12-28 11:50:06:629  [TID       8520][INFO    ] << Custom configuration method [dmvcframework]
2020-12-28 11:50:06:629  [TID       8520][INFO    ] ENTER: LoadSystemControllers [dmvcframework]
2020-12-28 11:50:06:629  [TID       8520][INFO    ] EXIT: LoadSystemControllers [dmvcframework]
2020-12-28 11:50:29:795  [TID       1048][INFO    ] GET:/api/customers [0:0:0:0:0:0:0:1] -> Controller.Customer.TControllerCustomer.GetCustomers - 200 OK [dmvcframework]
2020-12-28 15:06:06:942  [TID      11988][INFO    ] Default Logger initialized [dmvcframework]
2020-12-28 15:06:06:972  [TID      11988][INFO    ] Server started on port 9001 [dmvcframework]
2020-12-28 15:08:32:370  [TID       4668][INFO    ] Default Logger initialized [dmvcframework]
2020-12-28 15:08:32:393  [TID       4668][INFO    ] Server started on port 9001 [dmvcframework]
2020-12-28 15:13:22:497  [TID      10360][INFO    ] Default Logger initialized [dmvcframework]
2020-12-28 15:13:22:514  [TID      10360][INFO    ] Server started on port 9001 [dmvcframework]
2020-12-28 15:14:44:124  [TID       2324][INFO    ] Default Logger initialized [dmvcframework]
2020-12-28 15:14:44:145  [TID       2324][INFO    ] Server started on port 9001 [dmvcframework]
2020-12-28 15:16:33:748  [TID       8356][INFO    ] Default Logger initialized [dmvcframework]
2020-12-28 15:16:33:767  [TID       8356][INFO    ] Server started on port 9001 [dmvcframework]
2020-12-28 15:21:43:561  [TID       8856][INFO    ] Default Logger initialized [dmvcframework]
2020-12-28 15:21:43:584  [TID       8856][INFO    ] Server started on port 9000 [dmvcframework]
2020-12-28 15:22:19:208  [TID       3732][INFO    ] Default Logger initialized [dmvcframework]
2020-12-28 15:22:19:208  [TID       3732][INFO    ] Server started on port 9000 [dmvcframework]
